La génération a démarré 10/05/2015 15:10:33.
     1>Projet "E:\MAXIME\cours\COMPOSANTS\test_composant2\test_composant2\test_composant2.vcxproj" sur le nœud 2 (build cible(s)).
     1>InitializeBuildStatus:
         Mise à jour de l'horodatage "Debug\test_composant2.unsuccessfulbuild".
       ClCompile:
         Toutes les sorties sont à jour.
         Toutes les sorties sont à jour.
         Toutes les sorties sont à jour.
       ManifestResourceCompile:
         Toutes les sorties sont à jour.
       Link:
         E:\LOGICIELS\Visual studio\VC\bin\link.exe /ERRORREPORT:PROMPT /OUT:"E:\MAXIME\cours\COMPOSANTS\test_composant2\Debug\test_composant2.dll" /INCREMENTAL /NOLOGO /MANIFEST /ManifestFile:"Debug\test_composant2.dll.intermediate.manifest" /MANIFESTUAC:"level='asInvoker' uiAccess='false'" /DEBUG /PDB:"E:\MAXIME\cours\COMPOSANTS\test_composant2\Debug\test_composant2.pdb" /SUBSYSTEM:WINDOWS /TLBID:1 /DYNAMICBASE /NXCOMPAT /IMPLIB:"E:\MAXIME\cours\COMPOSANTS\test_composant2\Debug\test_composant2.lib" /MACHINE:X86 /DLL Debug\test_composant2.dll.embed.manifest.res
         Debug\dllmain.obj
         Debug\stdafx.obj
         Debug\test_composant2.obj
     1>test_composant2.obj : error LNK2019: symbole externe non résolu "__declspec(dllimport) class std::vector<double,class std::allocator<double> > __cdecl getChemin(double,int)" (__imp_?getChemin@@YA?AV?$vector@NV?$allocator@N@std@@@std@@NH@Z) référencé dans la fonction "int __cdecl _tmain(int,char * * const)" (?_tmain@@YAHHQAPAD@Z)
     1>E:\MAXIME\cours\COMPOSANTS\test_composant2\Debug\test_composant2.dll : fatal error LNK1120: 1 externes non résolus
     1>Génération du projet "E:\MAXIME\cours\COMPOSANTS\test_composant2\test_composant2\test_composant2.vcxproj" terminée (build cible(s)) -- ÉCHEC.

ÉCHEC de la build.

Temps écoulé 00:00:00.08
