La génération a démarré 17/05/2015 15:05:42.
     1>Projet "E:\MAXIME\cours\COMPOSANTS\test_composant2\test_composant2\test_composant2.vcxproj" sur le nœud 2 (build cible(s)).
     1>InitializeBuildStatus:
         Mise à jour de l'horodatage "Debug\test_composant2.unsuccessfulbuild".
       ClCompile:
         Toutes les sorties sont à jour.
         Toutes les sorties sont à jour.
         Toutes les sorties sont à jour.
       ManifestResourceCompile:
         Toutes les sorties sont à jour.
       Link:
         E:\LOGICIELS\Visual studio\VC\bin\link.exe /ERRORREPORT:PROMPT /OUT:"E:\MAXIME\cours\COMPOSANTS\test_composant2\Debug\test_composant2.exe" /INCREMENTAL /NOLOGO /LIBPATH:E:\MAXIME\cours\COMPOSANTS\test_composant2\Debug Composant2.lib /MANIFEST /ManifestFile:"Debug\test_composant2.exe.intermediate.manifest" /MANIFESTUAC:"level='asInvoker' uiAccess='false'" /DEBUG /PDB:"E:\MAXIME\cours\COMPOSANTS\test_composant2\Debug\test_composant2.pdb" /SUBSYSTEM:WINDOWS /TLBID:1 /DYNAMICBASE /NXCOMPAT /IMPLIB:"E:\MAXIME\cours\COMPOSANTS\test_composant2\Debug\test_composant2.lib" /MACHINE:X86 Debug\test_composant2.exe.embed.manifest.res
         Debug\dllmain.obj
         Debug\stdafx.obj
         Debug\test_composant2.obj
     1>MSVCRTD.lib(crtexew.obj) : error LNK2019: symbole externe non résolu _WinMain@16 référencé dans la fonction ___tmainCRTStartup
     1>E:\MAXIME\cours\COMPOSANTS\test_composant2\Debug\test_composant2.exe : fatal error LNK1120: 1 externes non résolus
     1>Génération du projet "E:\MAXIME\cours\COMPOSANTS\test_composant2\test_composant2\test_composant2.vcxproj" terminée (build cible(s)) -- ÉCHEC.

ÉCHEC de la build.

Temps écoulé 00:00:00.07
